0 verbose cli /home/ec2-user/.nvm/versions/node/v16.20.1/bin/node /home/ec2-user/.nvm/versions/node/v16.20.1/bin/npm
1 info using npm@8.19.4
2 info using node@v16.20.1
3 timing npm:load:whichnode Completed in 0ms
4 timing config:load:defaults Completed in 1ms
5 timing config:load:file:/home/ec2-user/.nvm/versions/node/v16.20.1/lib/node_modules/npm/npmrc Completed in 1ms
6 timing config:load:builtin Completed in 1ms
7 timing config:load:cli Completed in 10ms
8 timing config:load:env Completed in 0ms
9 timing config:load:project Completed in 6ms
10 timing config:load:file:/home/ec2-user/.npmrc Completed in 0ms
11 timing config:load:user Completed in 0ms
12 timing config:load:file:/home/ec2-user/.nvm/versions/node/v16.20.1/etc/npmrc Completed in 0ms
13 timing config:load:global Completed in 1ms
14 timing config:load:validate Completed in 0ms
15 timing config:load:credentials Completed in 0ms
16 timing config:load:setEnvs Completed in 1ms
17 timing config:load Completed in 21ms
18 timing npm:load:configload Completed in 21ms
19 timing npm:load:mkdirpcache Completed in 1ms
20 timing npm:load:mkdirplogs Completed in 0ms
21 verbose title npm install tmp@0.0.33 node-cleanup@2.1.2
22 verbose argv "install" "tmp@0.0.33" "node-cleanup@2.1.2"
23 timing npm:load:setTitle Completed in 1ms
24 timing config:load:flatten Completed in 2ms
25 timing npm:load:display Completed in 3ms
26 verbose logfile logs-max:10 dir:/home/ec2-user/.npm/_logs
27 verbose logfile /home/ec2-user/.npm/_logs/2023-07-20T16_04_32_405Z-debug-0.log
28 timing npm:load:logFile Completed in 4ms
29 timing npm:load:timers Completed in 0ms
30 timing npm:load:configScope Completed in 0ms
31 timing npm:load Completed in 30ms
32 timing arborist:ctor Completed in 0ms
33 silly logfile done cleaning log files
34 timing arborist:ctor Completed in 1ms
35 timing idealTree:init Completed in 9ms
36 timing idealTree:userRequests Completed in 4ms
37 silly idealTree buildDeps
38 silly fetch manifest tmp@0.0.33
39 http fetch GET 200 https://registry.npmjs.org/tmp 84ms (cache miss)
40 silly fetch manifest node-cleanup@2.1.2
41 http fetch GET 200 https://registry.npmjs.org/node-cleanup 53ms (cache miss)
42 silly placeDep ROOT node-cleanup@2.1.2 OK for:  want: 2.1.2
43 silly placeDep ROOT tmp@0.0.33 OK for:  want: 0.0.33
44 silly fetch manifest os-tmpdir@~1.0.2
45 http fetch GET 200 https://registry.npmjs.org/os-tmpdir 31ms (cache miss)
46 timing idealTree:#root Completed in 180ms
47 timing idealTree:node_modules/node-cleanup Completed in 0ms
48 silly placeDep ROOT os-tmpdir@1.0.2 OK for: tmp@0.0.33 want: ~1.0.2
49 timing idealTree:node_modules/tmp Completed in 2ms
50 timing idealTree:node_modules/os-tmpdir Completed in 0ms
51 timing idealTree:buildDeps Completed in 183ms
52 timing idealTree:fixDepFlags Completed in 1ms
53 timing idealTree Completed in 198ms
54 timing reify:loadTrees Completed in 199ms
55 timing reify:diffTrees Completed in 1ms
56 silly reify moves {}
57 timing reify:retireShallow Completed in 1ms
58 timing reify:createSparse Completed in 1ms
59 timing reify:loadBundles Completed in 0ms
60 silly audit bulk request {
60 silly audit   'node-cleanup': [ '2.1.2' ],
60 silly audit   tmp: [ '0.0.33' ],
60 silly audit   'os-tmpdir': [ '1.0.2' ]
60 silly audit }
61 silly tarball no local data for os-tmpdir@https://registry.npmjs.org/os-tmpdir/-/os-tmpdir-1.0.2.tgz. Extracting by manifest.
62 silly tarball no local data for tmp@https://registry.npmjs.org/tmp/-/tmp-0.0.33.tgz. Extracting by manifest.
63 silly tarball no local data for node-cleanup@https://registry.npmjs.org/node-cleanup/-/node-cleanup-2.1.2.tgz. Extracting by manifest.
64 http fetch POST 200 https://registry.npmjs.org/-/npm/v1/security/advisories/bulk 45ms
65 timing auditReport:getReport Completed in 46ms
66 silly audit report {}
67 timing auditReport:init Completed in 1ms
68 timing reify:audit Completed in 48ms
69 http fetch GET 200 https://registry.npmjs.org/os-tmpdir/-/os-tmpdir-1.0.2.tgz 52ms (cache miss)
70 timing reifyNode:node_modules/os-tmpdir Completed in 60ms
71 http fetch GET 200 https://registry.npmjs.org/tmp/-/tmp-0.0.33.tgz 65ms (cache miss)
72 timing reifyNode:node_modules/tmp Completed in 73ms
73 http fetch GET 200 https://registry.npmjs.org/node-cleanup/-/node-cleanup-2.1.2.tgz 80ms (cache miss)
74 timing reifyNode:node_modules/node-cleanup Completed in 89ms
75 timing reify:unpack Completed in 90ms
76 timing reify:unretire Completed in 0ms
77 timing build:queue Completed in 1ms
78 timing build:deps Completed in 1ms
79 timing build Completed in 1ms
80 timing reify:build Completed in 1ms
81 timing reify:trash Completed in 0ms
82 timing reify:save Completed in 7ms
83 timing reify Completed in 309ms
84 silly ADD node_modules/os-tmpdir
85 silly ADD node_modules/tmp
86 silly ADD node_modules/node-cleanup
87 timing command:install Completed in 314ms
88 verbose exit 0
89 timing npm Completed in 429ms
90 info ok
